<?xml version="1.0" encoding="UTF-8"?>
<!-- Generated by org.testng.reporters.JUnitReportReporter -->
<testsuite hostname="ASCDK025" name="firsttestngpackage.ConnectiontoDB" tests="1" failures="0" timestamp="9 Jul 2015 13:17:25 GMT" time="0.061" errors="0">
  <testcase name="f" time="0.061" classname="firsttestngpackage.ConnectiontoDB"/>
</testsuite> <!-- firsttestngpackage.ConnectiontoDB -->
