<?xml version="1.0" encoding="UTF-8"?>
<!-- Generated by org.testng.reporters.JUnitReportReporter -->
<testsuite hostname="ASCDK025" name="firsttestngpackage.SingleTestScript" tests="1" failures="0" timestamp="16 Jul 2015 08:25:00 GMT" time="8.426" errors="0">
  <testcase name="verifyhomepagetitle" time="8.426" classname="firsttestngpackage.SingleTestScript"/>
</testsuite> <!-- firsttestngpackage.SingleTestScript -->
