<?xml version="1.0" encoding="UTF-8"?>
<!-- Generated by org.testng.reporters.JUnitReportReporter -->
<testsuite hostname="ASCDK025" name="firsttestngpackage.KeyboardOperations" tests="1" failures="0" timestamp="22 Jul 2015 09:47:12 GMT" time="26.392" errors="0">
  <testcase name="f" time="26.392" classname="firsttestngpackage.KeyboardOperations"/>
</testsuite> <!-- firsttestngpackage.KeyboardOperations -->
