<?xml version="1.0" encoding="UTF-8"?>
<!-- Generated by org.testng.reporters.JUnitReportReporter -->
<testsuite hostname="ASCDK025" name="firsttestngpackage.TestNGSuitCompleteTestCases" tests="2" failures="0" timestamp="24 Apr 2015 12:18:27 GMT" time="6.646" errors="0">
  <testcase name="verifyloginpage" time="2.418" classname="firsttestngpackage.TestNGSuitCompleteTestCases"/>
  <testcase name="enterlogincredentials" time="4.228" classname="firsttestngpackage.TestNGSuitCompleteTestCases"/>
</testsuite> <!-- firsttestngpackage.TestNGSuitCompleteTestCases -->
