<?xml version="1.0" encoding="UTF-8"?>
<!-- Generated by org.testng.reporters.JUnitReportReporter -->
<testsuite hostname="ASCDK025" name="firsttestngpackage.PerformanceTesting" tests="1" failures="0" timestamp="10 Jun 2015 11:42:23 GMT" time="31.178" errors="0">
  <testcase name="f" time="31.178" classname="firsttestngpackage.PerformanceTesting"/>
</testsuite> <!-- firsttestngpackage.PerformanceTesting -->
