<?xml version="1.0" encoding="UTF-8"?>
<!-- Generated by org.testng.reporters.JUnitReportReporter -->
<testsuite hostname="ASCDK025" name="firsttestngpackage.BrowserCompatibility" tests="1" failures="0" timestamp="16 Jul 2015 09:34:27 GMT" time="13.647" errors="0">
  <testcase name="verifyhomepagetitle" time="13.647" classname="firsttestngpackage.BrowserCompatibility"/>
</testsuite> <!-- firsttestngpackage.BrowserCompatibility -->
