<?xml version="1.0" encoding="UTF-8"?>
<!-- Generated by org.testng.reporters.JUnitReportReporter -->
<testsuite hostname="ASCDK025" name="firsttestngpackage.NewTest" tests="1" failures="0" timestamp="8 Jul 2015 07:54:21 GMT" time="2.214" errors="0">
  <testcase name="f" time="2.214" classname="firsttestngpackage.NewTest"/>
</testsuite> <!-- firsttestngpackage.NewTest -->
