<?xml version="1.0" encoding="UTF-8"?>
<!-- Generated by org.testng.reporters.JUnitReportReporter -->
<testsuite hostname="ASCDK025" name="firsttestngpackage.writeexcel" tests="1" failures="0" timestamp="6 May 2015 08:05:53 GMT" time="45.323" errors="0">
  <testcase name="writeExcel" time="45.323" classname="firsttestngpackage.writeexcel"/>
</testsuite> <!-- firsttestngpackage.writeexcel -->
