<?xml version="1.0" encoding="UTF-8"?>
<!-- Generated by org.testng.reporters.JUnitReportReporter -->
<testsuite hostname="ASCDK025" name="firsttestngpackage.FirstTestNGFile" tests="3" failures="0" timestamp="8 Jul 2015 12:13:10 GMT" time="9.082" errors="0">
  <testcase name="verifyhomepagetitle" time="1.346" classname="firsttestngpackage.FirstTestNGFile"/>
  <testcase name="verifyhomepagefirstlink" time="1.281" classname="firsttestngpackage.FirstTestNGFile"/>
  <testcase name="verifyhomepagesecondlink" time="6.455" classname="firsttestngpackage.FirstTestNGFile"/>
</testsuite> <!-- firsttestngpackage.FirstTestNGFile -->
