<?xml version="1.0" encoding="UTF-8"?>
<!-- Generated by org.testng.reporters.JUnitReportReporter -->
<testsuite hostname="ASCDK025" name="firsttestngpackage.SeleniumRemoteControl" tests="1" failures="0" timestamp="14 May 2015 10:06:43 GMT" time="6.380" errors="0">
  <testcase name="f" time="6.380" classname="firsttestngpackage.SeleniumRemoteControl"/>
</testsuite> <!-- firsttestngpackage.SeleniumRemoteControl -->
