<?xml version="1.0" encoding="UTF-8"?>
<!-- Generated by org.testng.reporters.JUnitReportReporter -->
<testsuite hostname="ASCDK025" name="firsttestngpackage.CaptureScreenshots" tests="2" failures="0" timestamp="16 Jul 2015 09:42:36 GMT" time="41.782" errors="0">
  <testcase name="myfunction1" time="18.764" classname="firsttestngpackage.CaptureScreenshots"/>
  <testcase name="myfunction2" time="23.018" classname="firsttestngpackage.CaptureScreenshots"/>
</testsuite> <!-- firsttestngpackage.CaptureScreenshots -->
