<?xml version="1.0" encoding="UTF-8"?>
<!-- Generated by org.testng.reporters.JUnitReportReporter -->
<testsuite hostname="ASCDK025" name="firsttestngpackage.FileHandling" tests="1" failures="0" timestamp="29 Jul 2015 09:51:45 GMT" time="0.016" errors="0">
  <testcase name="f" time="0.016" classname="firsttestngpackage.FileHandling"/>
</testsuite> <!-- firsttestngpackage.FileHandling -->
