<?xml version="1.0" encoding="UTF-8"?>
<!-- Generated by org.testng.reporters.JUnitReportReporter -->
<testsuite hostname="ASCDK025" name="firsttestngpackage.ReadWriteExcelFile" tests="1" failures="0" timestamp="14 Jul 2015 09:56:20 GMT" time="0.289" errors="0">
  <testcase name="writeExcel" time="0.289" classname="firsttestngpackage.ReadWriteExcelFile"/>
</testsuite> <!-- firsttestngpackage.ReadWriteExcelFile -->
