<?xml version="1.0" encoding="UTF-8"?>
<!-- Generated by org.testng.reporters.JUnitReportReporter -->
<testsuite hostname="ASCDK025" name="firsttestngpackage.FileSystems" tests="1" failures="0" timestamp="20 Jul 2015 08:29:08 GMT" time="5.383" errors="0">
  <testcase name="f" time="5.383" classname="firsttestngpackage.FileSystems"/>
</testsuite> <!-- firsttestngpackage.FileSystems -->
